[debug] [2021-04-22T13:15:39.257Z] ----------------------------------------------------------------------
[debug] [2021-04-22T13:15:39.264Z] Command:       /usr/bin/node /usr/bin/firebase login
[debug] [2021-04-22T13:15:39.266Z] CLI Version:   9.10.0
[debug] [2021-04-22T13:15:39.266Z] Platform:      linux
[debug] [2021-04-22T13:15:39.267Z] Node Version:  v15.14.0
[debug] [2021-04-22T13:15:39.268Z] Time:          Thu Apr 22 2021 15:15:39 GMT+0200 (Central European Summer Time)
[debug] [2021-04-22T13:15:39.269Z] ----------------------------------------------------------------------
[debug] 
[debug] [2021-04-22T13:15:39.275Z] >>> [apiv2][query] GET https://firebase-public.firebaseio.com/cli.json [none]
[info] i  Firebase optionally collects CLI usage and error reporting information to help improve our products. Data is collected in accordance with Google's privacy policy (https://policies.google.com/privacy) and is not used to identify you.
 
[debug] [2021-04-22T13:15:39.808Z] <<< [apiv2][status] GET https://firebase-public.firebaseio.com/cli.json 200
[debug] [2021-04-22T13:15:39.809Z] <<< [apiv2][body] GET https://firebase-public.firebaseio.com/cli.json {"cloudBuildErrorAfter":1594252800000,"cloudBuildWarnAfter":1590019200000,"defaultNode10After":1594252800000,"minVersion":"3.0.5","node8DeploysDisabledAfter":1613390400000,"node8RuntimeDisabledAfter":1615809600000,"node8WarnAfter":1600128000000}
[info] i  To change your data collection preference at any time, run `firebase logout` and log in again. 
[info] 
[info] Visit this URL on this device to log in:
[info] https://accounts.google.com/o/oauth2/auth?client_id=563584335869-fgrhgmd47bqnekij5i8b5pr03ho849e6.apps.googleusercontent.com&scope=email%20openid%20https%3A%2F%2Fwww.googleapis.com%2Fauth%2Fcloudplatformprojects.readonly%20https%3A%2F%2Fwww.googleapis.com%2Fauth%2Ffirebase%20https%3A%2F%2Fwww.googleapis.com%2Fauth%2Fcloud-platform&response_type=code&state=719222968&redirect_uri=http%3A%2F%2Flocalhost%3A9005
[info] 
[info] Waiting for authentication...
[debug] [2021-04-22T13:18:53.490Z] ----------------------------------------------------------------------
[debug] [2021-04-22T13:18:53.496Z] Command:       /usr/bin/node /usr/bin/firebase login
[debug] [2021-04-22T13:18:53.497Z] CLI Version:   9.10.0
[debug] [2021-04-22T13:18:53.497Z] Platform:      linux
[debug] [2021-04-22T13:18:53.498Z] Node Version:  v15.14.0
[debug] [2021-04-22T13:18:53.499Z] Time:          Thu Apr 22 2021 15:18:53 GMT+0200 (Central European Summer Time)
[debug] [2021-04-22T13:18:53.500Z] ----------------------------------------------------------------------
[debug] 
[info] i  Firebase optionally collects CLI usage and error reporting information to help improve our products. Data is collected in accordance with Google's privacy policy (https://policies.google.com/privacy) and is not used to identify you.
 
[info] 
[info] Visit this URL on this device to log in:
[info] https://accounts.google.com/o/oauth2/auth?client_id=563584335869-fgrhgmd47bqnekij5i8b5pr03ho849e6.apps.googleusercontent.com&scope=email%20openid%20https%3A%2F%2Fwww.googleapis.com%2Fauth%2Fcloudplatformprojects.readonly%20https%3A%2F%2Fwww.googleapis.com%2Fauth%2Ffirebase%20https%3A%2F%2Fwww.googleapis.com%2Fauth%2Fcloud-platform&response_type=code&state=691670520&redirect_uri=http%3A%2F%2Flocalhost%3A9005
[info] 
[info] Waiting for authentication...
